<?xml version="1.0" encoding="UTF-8"?>
<testsuite xmlns:xsi="http://www.w3.org/2001/XMLSchema-instance" xsi:noNamespaceSchemaLocation="https://maven.apache.org/surefire/maven-surefire-plugin/xsd/surefire-test-report-3.0.xsd" version="3.0" name="runner.TestRunner" time="53.946" tests="4" errors="2" skipped="0" failures="0">
  <properties>
[...]
</properties>
  <testcase name="Verify Car Insurance heading is present" classname="NV_US01_TC01 Navigate to Car Insurance page and verify heading" time="9.69">
    <system-out><![CDATA[
@NV_US01_TC01
&amp#27;[1mScenario:&amp#27;[22m Verify Car Insurance heading is present                  &amp#27;[90m# features/NV_US01_TC01_Verify_Car_Insurance_Heading.feature:5&amp#27;[39m
  &amp#27;[32mâœ”&amp#27;[39m &amp#27;[32m&amp#27;[1mGiven &amp#27;[22mI launch the browser and open InsuranceDekho application&amp#27;[39m &amp#27;[90m# stepdefinitions.VerifyCarInsuranceHeading.i_launch_the_browser_and_open_insurance_dekho_application()&amp#27;[39m
  &amp#27;[32mâœ”&amp#27;[39m &amp#27;[32m&amp#27;[1mThen &amp#27;[22mI verify InsuranceDekho is visible on the homepage&amp#27;[39m        &amp#27;[90m# stepdefinitions.VerifyCarInsuranceHeading.i_verify_insurance_dekho_is_visible_on_the_homepage()&amp#27;[39m
  &amp#27;[32mâœ”&amp#27;[39m &amp#27;[32m&amp#27;[1mWhen &amp#27;[22mI hover on Insurance menu&amp#27;[39m                                 &amp#27;[90m# stepdefinitions.VerifyCarInsuranceHeading.i_hover_on_insurance_menu()&amp#27;[39m
  &amp#27;[32mâœ”&amp#27;[39m &amp#27;[32m&amp#27;[1mAnd &amp#27;[22mI click on Car Insurance&amp#27;[39m                                   &amp#27;[90m# stepdefinitions.VerifyCarInsuranceHeading.i_click_on_car_insurance()&amp#27;[39m
  &amp#27;[32mâœ”&amp#27;[39m &amp#27;[32m&amp#27;[1mThen &amp#27;[22mI verify Car Insurance heading is present&amp#27;[39m                 &amp#27;[90m# stepdefinitions.VerifyCarInsuranceHeading.i_verify_car_insurance_heading_is_present()&amp#27;[39m
]]></system-out>
    <system-err><![CDATA[Apr 09, 2026 5:33:06 PM org.openqa.selenium.devtools.CdpVersionFinder findNearestMatch
WARNING: Unable to find an exact match for CDP version 147, returning the closest version; found: 145; Please update to a Selenium version that supports CDP version 147
]]></system-err>
  </testcase>
  <testcase name="Calculate Car IDV and validate amount is displayed" classname="NV_US01_TC02 Calculate Car IDV via Add-on Cover and verify amount" time="13.0">
    <system-out><![CDATA[
@NV_US01_TC02
&amp#27;[1mScenario:&amp#27;[22m Calculate Car IDV and validate amount is displayed       &amp#27;[90m# features/NV_US01_TC02_Calculate_Car_IDV.feature:4&amp#27;[39m
  &amp#27;[32mâœ”&amp#27;[39m &amp#27;[32m&amp#27;[1mGiven &amp#27;[22mI launch the browser and open InsuranceDekho application&amp#27;[39m &amp#27;[90m# stepdefinitions.VerifyCarInsuranceHeading.i_launch_the_browser_and_open_insurance_dekho_application()&amp#27;[39m
  &amp#27;[32mâœ”&amp#27;[39m &amp#27;[32m&amp#27;[1mWhen &amp#27;[22mI hover on Insurance menu&amp#27;[39m                                 &amp#27;[90m# stepdefinitions.VerifyCarInsuranceHeading.i_hover_on_insurance_menu()&amp#27;[39m
  &amp#27;[32mâœ”&amp#27;[39m &amp#27;[32m&amp#27;[1mAnd &amp#27;[22mI hover on Car Insurance menu&amp#27;[39m                              &amp#27;[90m# stepdefinitions.VerifyAndCalculateCarIdv.i_hover_on_car_insurance_menu()&amp#27;[39m
  &amp#27;[32mâœ”&amp#27;[39m &amp#27;[32m&amp#27;[1mAnd &amp#27;[22mI click on Add On Cover&amp#27;[39m                                    &amp#27;[90m# stepdefinitions.VerifyAndCalculateCarIdv.i_click_on_add_on_cover()&amp#27;[39m
  &amp#27;[32mâœ”&amp#27;[39m &amp#27;[32m&amp#27;[1mAnd &amp#27;[22mI scroll to Calculate your Car IDV section&amp#27;[39m                 &amp#27;[90m# stepdefinitions.VerifyAndCalculateCarIdv.i_scroll_to_calculate_your_car_idv_section()&amp#27;[39m
  &amp#27;[32mâœ”&amp#27;[39m &amp#27;[32m&amp#27;[1mAnd &amp#27;[22mI select first brand&amp#27;[39m                                       &amp#27;[90m# stepdefinitions.VerifyAndCalculateCarIdv.i_select_first_brand()&amp#27;[39m
  &amp#27;[32mâœ”&amp#27;[39m &amp#27;[32m&amp#27;[1mAnd &amp#27;[22mI select first model&amp#27;[39m                                       &amp#27;[90m# stepdefinitions.VerifyAndCalculateCarIdv.i_select_first_model()&amp#27;[39m
  &amp#27;[32mâœ”&amp#27;[39m &amp#27;[32m&amp#27;[1mAnd &amp#27;[22mI select first year&amp#27;[39m                                        &amp#27;[90m# stepdefinitions.VerifyAndCalculateCarIdv.i_select_first_year()&amp#27;[39m
  &amp#27;[32mâœ”&amp#27;[39m &amp#27;[32m&amp#27;[1mAnd &amp#27;[22mI click Calculate Amount&amp#27;[39m                                   &amp#27;[90m# stepdefinitions.VerifyAndCalculateCarIdv.i_click_calculate_amount()&amp#27;[39m
  &amp#27;[32mâœ”&amp#27;[39m &amp#27;[32m&amp#27;[1mThen &amp#27;[22mI verify IDV amount is displayed&amp#27;[39m                          &amp#27;[90m# stepdefinitions.VerifyAndCalculateCarIdv.i_verify_idv_amount_is_displayed()&amp#27;[39m
]]></system-out>
    <system-err><![CDATA[Apr 09, 2026 5:33:15 PM org.openqa.selenium.devtools.CdpVersionFinder findNearestMatch
WARNING: Unable to find an exact match for CDP version 147, returning the closest version; found: 145; Please update to a Selenium version that supports CDP version 147
]]></system-err>
  </testcase>
  <testcase name="Calculate Bike IDV and validate amount is displayed" classname="NV_US01_TC03 Two-Wheeler IDV via Bike Claim Settlement and verify amount" time="23.733">
    <error message="no such element: Unable to locate element: {&quot;method&quot;:&quot;xpath&quot;,&quot;selector&quot;:&quot;//div[@class=&apos;gs_ta_results&apos;]/ul/li[1]&quot;}&#10;  (Session info: chrome=147.0.7727.56)&#10;For documentation on this error, please visit: https://www.selenium.dev/documentation/webdriver/troubleshooting/errors#nosuchelementexception&#10;Build info: version: &apos;4.41.0&apos;, revision: &apos;9fc754f&apos;&#10;System info: os.name: &apos;Windows 11&apos;, os.arch: &apos;amd64&apos;, os.version: &apos;10.0&apos;, java.version: &apos;17.0.18&apos;&#10;Driver info: org.openqa.selenium.chrome.ChromeDriver&#10;Command: [6911001c3f441cb0b8d3ee72d79f05e1, findElement {using=xpath, value=//div[@class=&apos;gs_ta_results&apos;]/ul/li[1]}]&#10;Capabilities {acceptInsecureCerts: false, browserName: chrome, browserVersion: 147.0.7727.56, chrome: {chromedriverVersion: 147.0.7727.56 (b28eac7a1a97..., userDataDir: C:\Users\10853349\AppData\L...}, fedcm:accounts: true, goog:chromeOptions: {debuggerAddress: localhost:52319}, goog:processID: 22580, networkConnectionEnabled: false, pageLoadStrategy: normal, platformName: windows, proxy: Proxy(), se:cdp: ws://localhost:52319/devtoo..., se:cdpVersion: 147.0.7727.56, setWindowRect: true, strictFileInteractability: false, timeouts: {implicit: 0, pageLoad: 300000, script: 30000}, unhandledPromptBehavior: dismiss and notify, webauthn:extension:credBlob: true, webauthn:extension:largeBlob: true, webauthn:extension:minPinLength: true, webauthn:extension:prf: true, webauthn:virtualAuthenticators: true}&#10;Session ID: 6911001c3f441cb0b8d3ee72d79f05e1" type="org.openqa.selenium.NoSuchElementException"><![CDATA[org.openqa.selenium.NoSuchElementException: 
no such element: Unable to locate element: {"method":"xpath","selector":"//div[@class='gs_ta_results']/ul/li[1]"}
  (Session info: chrome=147.0.7727.56)
For documentation on this error, please visit: https://www.selenium.dev/documentation/webdriver/troubleshooting/errors#nosuchelementexception
Build info: version: '4.41.0', revision: '9fc754f'
System info: os.name: 'Windows 11', os.arch: 'amd64', os.version: '10.0', java.version: '17.0.18'
Driver info: org.openqa.selenium.chrome.ChromeDriver
Command: [6911001c3f441cb0b8d3ee72d79f05e1, findElement {using=xpath, value=//div[@class='gs_ta_results']/ul/li[1]}]
Capabilities {acceptInsecureCerts: false, browserName: chrome, browserVersion: 147.0.7727.56, chrome: {chromedriverVersion: 147.0.7727.56 (b28eac7a1a97..., userDataDir: C:\Users\10853349\AppData\L...}, fedcm:accounts: true, goog:chromeOptions: {debuggerAddress: localhost:52319}, goog:processID: 22580, networkConnectionEnabled: false, pageLoadStrategy: normal, platformName: windows, proxy: Proxy(), se:cdp: ws://localhost:52319/devtoo..., se:cdpVersion: 147.0.7727.56, setWindowRect: true, strictFileInteractability: false, timeouts: {implicit: 0, pageLoad: 300000, script: 30000}, unhandledPromptBehavior: dismiss and notify, webauthn:extension:credBlob: true, webauthn:extension:largeBlob: true, webauthn:extension:minPinLength: true, webauthn:extension:prf: true, webauthn:virtualAuthenticators: true}
Session ID: 6911001c3f441cb0b8d3ee72d79f05e1
	at org.openqa.selenium.remote.ErrorCodec.decode(ErrorCodec.java:169)
	at org.openqa.selenium.remote.codec.w3c.W3CHttpResponseCodec.decode(W3CHttpResponseCodec.java:142)
	at org.openqa.selenium.remote.codec.w3c.W3CHttpResponseCodec.decode(W3CHttpResponseCodec.java:49)
	at org.openqa.selenium.remote.HttpCommandExecutor.execute(HttpCommandExecutor.java:223)
	at org.openqa.selenium.remote.service.DriverCommandExecutor.invokeExecute(DriverCommandExecutor.java:216)
	at org.openqa.selenium.remote.service.DriverCommandExecutor.execute(DriverCommandExecutor.java:174)
	at org.openqa.selenium.remote.RemoteWebDriver.execute(RemoteWebDriver.java:604)
	at org.openqa.selenium.remote.ElementLocation$ElementFinder$2.findElement(ElementLocation.java:166)
	at org.openqa.selenium.remote.ElementLocation.findElement(ElementLocation.java:60)
	at org.openqa.selenium.remote.RemoteWebDriver.findElement(RemoteWebDriver.java:427)
	at org.openqa.selenium.remote.RemoteWebDriver.findElement(RemoteWebDriver.java:421)
	at utils.WebDriverHelper.clickElement(WebDriverHelper.java:47)
	at pages.BikeClaimSettlementPageActions.selectModelFirstOption(BikeClaimSettlementPageActions.java:137)
	at stepdefinitions.VerifyAndCalculateBikeIdv.i_select_first_bike_model(VerifyAndCalculateBikeIdv.java:41)
	at ✽.I select first bike model(file:///C:/Users/10853349/InsuranceDekho-BDD/insuranceDekhoBDD/features/NV_US01_TC03_Calculate_Bike_IDV.feature:12)
]]></error>
    <system-out><![CDATA[
@NV_US01_TC03
&amp#27;[1mScenario:&amp#27;[22m Calculate Bike IDV and validate amount is displayed      &amp#27;[90m# features/NV_US01_TC03_Calculate_Bike_IDV.feature:4&amp#27;[39m
  &amp#27;[32mâœ”&amp#27;[39m &amp#27;[32m&amp#27;[1mGiven &amp#27;[22mI launch the browser and open InsuranceDekho application&amp#27;[39m &amp#27;[90m# stepdefinitions.VerifyCarInsuranceHeading.i_launch_the_browser_and_open_insurance_dekho_application()&amp#27;[39m
  &amp#27;[32mâœ”&amp#27;[39m &amp#27;[32m&amp#27;[1mWhen &amp#27;[22mI hover on Insurance menu&amp#27;[39m                                 &amp#27;[90m# stepdefinitions.VerifyCarInsuranceHeading.i_hover_on_insurance_menu()&amp#27;[39m
  &amp#27;[32mâœ”&amp#27;[39m &amp#27;[32m&amp#27;[1mAnd &amp#27;[22mI hover on Bike Insurance menu&amp#27;[39m                             &amp#27;[90m# stepdefinitions.VerifyAndCalculateBikeIdv.i_hover_on_bike_insurance_menu()&amp#27;[39m
  &amp#27;[32mâœ”&amp#27;[39m &amp#27;[32m&amp#27;[1mAnd &amp#27;[22mI click on Claim Settlement&amp#27;[39m                                &amp#27;[90m# stepdefinitions.VerifyAndCalculateBikeIdv.i_click_on_claim_settlement()&amp#27;[39m
  &amp#27;[32mâœ”&amp#27;[39m &amp#27;[32m&amp#27;[1mThen &amp#27;[22mI verify Bike Insurance Claim heading is present&amp#27;[39m          &amp#27;[90m# stepdefinitions.VerifyAndCalculateBikeIdv.i_verify_bike_insurance_claim_heading_is_present()&amp#27;[39m
  &amp#27;[32mâœ”&amp#27;[39m &amp#27;[32m&amp#27;[1mWhen &amp#27;[22mI scroll to Calculate Two Wheeler IDV section&amp#27;[39m             &amp#27;[90m# stepdefinitions.VerifyAndCalculateBikeIdv.i_scroll_to_calculate_two_wheeler_idv_section()&amp#27;[39m
  &amp#27;[32mâœ”&amp#27;[39m &amp#27;[32m&amp#27;[1mAnd &amp#27;[22mI select first bike brand&amp#27;[39m                                  &amp#27;[90m# stepdefinitions.VerifyAndCalculateBikeIdv.i_select_first_bike_brand()&amp#27;[39m
  &amp#27;[31mâœ˜&amp#27;[39m &amp#27;[31m&amp#27;[1mAnd &amp#27;[22mI select first bike model&amp#27;[39m                                  &amp#27;[90m# stepdefinitions.VerifyAndCalculateBikeIdv.i_select_first_bike_model()&amp#27;[39m
        &amp#27;[31morg.openqa.selenium.NoSuchElementException: no such element: Unable to locate element: {"method":"xpath","selector":"//div[@class='gs_ta_results']/ul/li[1]"}&amp#27;[39m
        &amp#27;[31m  (Session info: chrome=147.0.7727.56)&amp#27;[39m
        &amp#27;[31mFor documentation on this error, please visit: https://www.selenium.dev/documentation/webdriver/troubleshooting/errors#nosuchelementexception&amp#27;[39m
        &amp#27;[31mBuild info: version: '4.41.0', revision: '9fc754f'&amp#27;[39m
        &amp#27;[31mSystem info: os.name: 'Windows 11', os.arch: 'amd64', os.version: '10.0', java.version: '17.0.18'&amp#27;[39m
        &amp#27;[31mDriver info: org.openqa.selenium.chrome.ChromeDriver&amp#27;[39m
        &amp#27;[31mCommand: [6911001c3f441cb0b8d3ee72d79f05e1, findElement {using=xpath, value=//div[@class='gs_ta_results']/ul/li[1]}]&amp#27;[39m
        &amp#27;[31mCapabilities {acceptInsecureCerts: false, browserName: chrome, browserVersion: 147.0.7727.56, chrome: {chromedriverVersion: 147.0.7727.56 (b28eac7a1a97..., userDataDir: C:\Users\10853349\AppData\L...}, fedcm:accounts: true, goog:chromeOptions: {debuggerAddress: localhost:52319}, goog:processID: 22580, networkConnectionEnabled: false, pageLoadStrategy: normal, platformName: windows, proxy: Proxy(), se:cdp: ws://localhost:52319/devtoo..., se:cdpVersion: 147.0.7727.56, setWindowRect: true, strictFileInteractability: false, timeouts: {implicit: 0, pageLoad: 300000, script: 30000}, unhandledPromptBehavior: dismiss and notify, webauthn:extension:credBlob: true, webauthn:extension:largeBlob: true, webauthn:extension:minPinLength: true, webauthn:extension:prf: true, webauthn:virtualAuthenticators: true}&amp#27;[39m
        &amp#27;[31mSession ID: 6911001c3f441cb0b8d3ee72d79f05e1&amp#27;[39m
        &amp#27;[31m	at org.openqa.selenium.remote.ErrorCodec.decode(ErrorCodec.java:169)&amp#27;[39m
        &amp#27;[31m	at org.openqa.selenium.remote.codec.w3c.W3CHttpResponseCodec.decode(W3CHttpResponseCodec.java:142)&amp#27;[39m
        &amp#27;[31m	at org.openqa.selenium.remote.codec.w3c.W3CHttpResponseCodec.decode(W3CHttpResponseCodec.java:49)&amp#27;[39m
        &amp#27;[31m	at org.openqa.selenium.remote.HttpCommandExecutor.execute(HttpCommandExecutor.java:223)&amp#27;[39m
        &amp#27;[31m	at org.openqa.selenium.remote.service.DriverCommandExecutor.invokeExecute(DriverCommandExecutor.java:216)&amp#27;[39m
        &amp#27;[31m	at org.openqa.selenium.remote.service.DriverCommandExecutor.execute(DriverCommandExecutor.java:174)&amp#27;[39m
        &amp#27;[31m	at org.openqa.selenium.remote.RemoteWebDriver.execute(RemoteWebDriver.java:604)&amp#27;[39m
        &amp#27;[31m	at org.openqa.selenium.remote.ElementLocation$ElementFinder$2.findElement(ElementLocation.java:166)&amp#27;[39m
        &amp#27;[31m	at org.openqa.selenium.remote.ElementLocation.findElement(ElementLocation.java:60)&amp#27;[39m
        &amp#27;[31m	at org.openqa.selenium.remote.RemoteWebDriver.findElement(RemoteWebDriver.java:427)&amp#27;[39m
        &amp#27;[31m	at org.openqa.selenium.remote.RemoteWebDriver.findElement(RemoteWebDriver.java:421)&amp#27;[39m
        &amp#27;[31m	at utils.WebDriverHelper.clickElement(WebDriverHelper.java:47)&amp#27;[39m
        &amp#27;[31m	at pages.BikeClaimSettlementPageActions.selectModelFirstOption(BikeClaimSettlementPageActions.java:137)&amp#27;[39m
        &amp#27;[31m	at stepdefinitions.VerifyAndCalculateBikeIdv.i_select_first_bike_model(VerifyAndCalculateBikeIdv.java:41)&amp#27;[39m
        &amp#27;[31m	at âœ½.I select first bike model(file:///C:/Users/10853349/InsuranceDekho-BDD/insuranceDekhoBDD/features/NV_US01_TC03_Calculate_Bike_IDV.feature:12)&amp#27;[39m
  &amp#27;[36mâ†·&amp#27;[39m &amp#27;[36m&amp#27;[1mAnd &amp#27;[22mI select first bike year&amp#27;[39m                                   &amp#27;[90m# stepdefinitions.VerifyAndCalculateBikeIdv.i_select_first_bike_year()&amp#27;[39m
  &amp#27;[36mâ†·&amp#27;[39m &amp#27;[36m&amp#27;[1mThen &amp#27;[22mI calculate and verify Two Wheeler IDV amount&amp#27;[39m             &amp#27;[90m# stepdefinitions.VerifyAndCalculateBikeIdv.i_calculate_and_verify_two_wheeler_idv_amount()&amp#27;[39m
]]></system-out>
    <system-err><![CDATA[Apr 09, 2026 5:33:28 PM org.openqa.selenium.devtools.CdpVersionFinder findNearestMatch
WARNING: Unable to find an exact match for CDP version 147, returning the closest version; found: 145; Please update to a Selenium version that supports CDP version 147
]]></system-err>
  </testcase>
  <testcase name="Verify HLV calculator page title is displayed" classname="NV_US01_TC04 Verify Human Life Value Calculator is navigated through Life Insurance" time="6.761">
    <error message="The step &apos;I hover on Life Insurance menu&apos; and 2 other step(s) are undefined.&#10;You can implement these steps using the snippet(s) below:&#10;&#10;@When(&quot;I hover on Life Insurance menu&quot;)&#10;public void i_hover_on_life_insurance_menu() {&#10;    // Write code here that turns the phrase above into concrete actions&#10;    throw new io.cucumber.java.PendingException();&#10;}&#10;@When(&quot;I click on Human Life Value Calculator&quot;)&#10;public void i_click_on_human_life_value_calculator() {&#10;    // Write code here that turns the phrase above into concrete actions&#10;    throw new io.cucumber.java.PendingException();&#10;}&#10;@Then(&quot;I verify HLV calculator page title is displayed&quot;)&#10;public void i_verify_hlv_calculator_page_title_is_displayed() {&#10;    // Write code here that turns the phrase above into concrete actions&#10;    throw new io.cucumber.java.PendingException();&#10;}&#10;" type="io.cucumber.junit.UndefinedStepException"><![CDATA[io.cucumber.junit.UndefinedStepException: 
The step 'I hover on Life Insurance menu' and 2 other step(s) are undefined.
You can implement these steps using the snippet(s) below:

@When("I hover on Life Insurance menu")
public void i_hover_on_life_insurance_menu() {
    // Write code here that turns the phrase above into concrete actions
    throw new io.cucumber.java.PendingException();
}
@When("I click on Human Life Value Calculator")
public void i_click_on_human_life_value_calculator() {
    // Write code here that turns the phrase above into concrete actions
    throw new io.cucumber.java.PendingException();
}
@Then("I verify HLV calculator page title is displayed")
public void i_verify_hlv_calculator_page_title_is_displayed() {
    // Write code here that turns the phrase above into concrete actions
    throw new io.cucumber.java.PendingException();
}

]]></error>
    <system-out><![CDATA[
@NV_US01_TC04
&amp#27;[1mScenario:&amp#27;[22m Verify HLV calculator page title is displayed            &amp#27;[90m# features/NV_US01_TC04_Verify_HLV_Calculator_Navigation.feature:4&amp#27;[39m
  &amp#27;[32mâœ”&amp#27;[39m &amp#27;[32m&amp#27;[1mGiven &amp#27;[22mI launch the browser and open InsuranceDekho application&amp#27;[39m &amp#27;[90m# stepdefinitions.VerifyCarInsuranceHeading.i_launch_the_browser_and_open_insurance_dekho_application()&amp#27;[39m
  &amp#27;[32mâœ”&amp#27;[39m &amp#27;[32m&amp#27;[1mWhen &amp#27;[22mI hover on Insurance menu&amp#27;[39m                                 &amp#27;[90m# stepdefinitions.VerifyCarInsuranceHeading.i_hover_on_insurance_menu()&amp#27;[39m
  &amp#27;[33mâ– &amp#27;[39m &amp#27;[33m&amp#27;[1mAnd &amp#27;[22mI hover on Life Insurance menu&amp#27;[39m
  &amp#27;[36mâ†·&amp#27;[39m &amp#27;[36m&amp#27;[1mAnd &amp#27;[22mI click on Human Life Value Calculator&amp#27;[39m
  &amp#27;[36mâ†·&amp#27;[39m &amp#27;[36m&amp#27;[1mThen &amp#27;[22mI verify HLV calculator page title is displayed&amp#27;[39m
]]></system-out>
    <system-err><![CDATA[Apr 09, 2026 5:33:51 PM org.openqa.selenium.devtools.CdpVersionFinder findNearestMatch
WARNING: Unable to find an exact match for CDP version 147, returning the closest version; found: 145; Please update to a Selenium version that supports CDP version 147
]]></system-err>
  </testcase>
</testsuite>